c:\users\79005\desktop\голукович\лаба 2 ясп\лаба 2 ясп\x64\debug\vc143.pdb
c:\users\79005\desktop\голукович\лаба 2 ясп\лаба 2 ясп\x64\debug\vc143.idb
c:\users\79005\desktop\голукович\лаба 2 ясп\лаба 2 ясп\x64\debug\source.obj
c:\users\79005\desktop\голукович\лаба 2 ясп\лаба 2 ясп\x64\debug\decimal.obj
c:\users\79005\desktop\голукович\лаба 2 ясп\x64\debug\лаба 2 ясп.pdb
c:\users\79005\desktop\голукович\лаба 2 ясп\лаба 2 ясп\x64\debug\лаба 2 ясп.tlog\cl.command.1.tlog
c:\users\79005\desktop\голукович\лаба 2 ясп\лаба 2 ясп\x64\debug\лаба 2 ясп.tlog\cl.read.1.tlog
c:\users\79005\desktop\голукович\лаба 2 ясп\лаба 2 ясп\x64\debug\лаба 2 ясп.tlog\cl.write.1.tlog
c:\users\79005\desktop\голукович\лаба 2 ясп\лаба 2 ясп\x64\debug\лаба 2 ясп.tlog\link-cvtres.read.1.tlog
c:\users\79005\desktop\голукович\лаба 2 ясп\лаба 2 ясп\x64\debug\лаба 2 ясп.tlog\link-cvtres.write.1.tlog
c:\users\79005\desktop\голукович\лаба 2 ясп\лаба 2 ясп\x64\debug\лаба 2 ясп.tlog\link-rc.read.1.tlog
c:\users\79005\desktop\голукович\лаба 2 ясп\лаба 2 ясп\x64\debug\лаба 2 ясп.tlog\link-rc.write.1.tlog
c:\users\79005\desktop\голукович\лаба 2 ясп\лаба 2 ясп\x64\debug\лаба 2 ясп.tlog\link.61756-cvtres.read.1.tlog
c:\users\79005\desktop\голукович\лаба 2 ясп\лаба 2 ясп\x64\debug\лаба 2 ясп.tlog\link.61756-cvtres.write.1.tlog
c:\users\79005\desktop\голукович\лаба 2 ясп\лаба 2 ясп\x64\debug\лаба 2 ясп.tlog\link.61756-rc.read.1.tlog
c:\users\79005\desktop\голукович\лаба 2 ясп\лаба 2 ясп\x64\debug\лаба 2 ясп.tlog\link.61756-rc.write.1.tlog
c:\users\79005\desktop\голукович\лаба 2 ясп\лаба 2 ясп\x64\debug\лаба 2 ясп.tlog\link.61756.read.1.tlog
c:\users\79005\desktop\голукович\лаба 2 ясп\лаба 2 ясп\x64\debug\лаба 2 ясп.tlog\link.61756.read.2.tlog
c:\users\79005\desktop\голукович\лаба 2 ясп\лаба 2 ясп\x64\debug\лаба 2 ясп.tlog\link.61756.write.1.tlog
c:\users\79005\desktop\голукович\лаба 2 ясп\лаба 2 ясп\x64\debug\лаба 2 ясп.tlog\link.command.1.tlog
c:\users\79005\desktop\голукович\лаба 2 ясп\лаба 2 ясп\x64\debug\лаба 2 ясп.tlog\link.read.1.tlog
c:\users\79005\desktop\голукович\лаба 2 ясп\лаба 2 ясп\x64\debug\лаба 2 ясп.tlog\link.read.2.tlog
c:\users\79005\desktop\голукович\лаба 2 ясп\лаба 2 ясп\x64\debug\лаба 2 ясп.tlog\link.write.1.tlog
